<?xml version="1.0" encoding="UTF-8"?>
<!-- Generated by org.testng.reporters.JUnitXMLReporter -->
<testsuite ignored="2" hostname="DESKTOP-0CCPETD" failures="2" tests="2" name="Test(failed)" time="1.524" errors="0" timestamp="2022-07-06T00:25:09 IST">
  <testcase classname="com.crm.tyss.OrganizationsTest.CreateOrganizationTest" name="CreateCampainsWithMandatory" time="1.324">
    <failure type="java.lang.NullPointerException" message="Cannot invoke &amp;quot;org.apache.poi.ss.usermodel.Cell.getStringCellValue()&amp;quot; because the return value of &amp;quot;org.apache.poi.ss.usermodel.Row.getCell(int)&amp;quot; is null">
      <![CDATA[java.lang.NullPointerException: Cannot invoke "org.apache.poi.ss.usermodel.Cell.getStringCellValue()" because the return value of "org.apache.poi.ss.usermodel.Row.getCell(int)" is null
at com.crm.tyss.GenericUtility.ExcelUtility.getDataFromExcel(ExcelUtility.java:33)
at com.crm.tyss.OrganizationsTest.CreateOrganizationTest.CreateCampainsWithMandatory(CreateOrganizationTest.java:28)
at java.base/java.util.ArrayList.forEach(ArrayList.java:1511)
... Removed 27 stack frames]]>
    </failure>
  </testcase> <!-- CreateCampainsWithMandatory -->
  <testcase classname="com.crm.tyss.CamapinsTest.CreateCampainsTest" name="CreateCampainsWithMandatoryTestthrows" time="0.13">
    <failure type="java.lang.NullPointerException" message="Cannot invoke &amp;quot;org.apache.poi.ss.usermodel.Cell.getStringCellValue()&amp;quot; because the return value of &amp;quot;org.apache.poi.ss.usermodel.Row.getCell(int)&amp;quot; is null">
      <![CDATA[java.lang.NullPointerException: Cannot invoke "org.apache.poi.ss.usermodel.Cell.getStringCellValue()" because the return value of "org.apache.poi.ss.usermodel.Row.getCell(int)" is null
at com.crm.tyss.GenericUtility.ExcelUtility.getDataFromExcel(ExcelUtility.java:33)
at com.crm.tyss.CamapinsTest.CreateCampainsTest.CreateCampainsWithMandatoryTestthrows(CreateCampainsTest.java:24)
at java.base/java.util.ArrayList.forEach(ArrayList.java:1511)
... Removed 27 stack frames]]>
    </failure>
  </testcase> <!-- CreateCampainsWithMandatoryTestthrows -->
  <testcase classname="com.crm.tyss.CamapinsTest.CreateCampainsTest" name="CreateCampaignWithProductTest" time="0.0">
    <ignored/>
  </testcase> <!-- CreateCampaignWithProductTest -->
  <testcase classname="com.crm.tyss.OrganizationsTest.CreateOrganizationTest" name="CreateOrganizationWithMemberOfTest" time="0.0">
    <ignored/>
  </testcase> <!-- CreateOrganizationWithMemberOfTest -->
</testsuite> <!-- Test(failed) -->
