<html>
<head>
<title>TestNG:  Test</title>
<link href="../testng.css" rel="stylesheet" type="text/css" />
<link href="../my-testng.css" rel="stylesheet" type="text/css" />

<style type="text/css">
.log { display: none;} 
.stack-trace { display: none;} 
</style>
<script type="text/javascript">
<!--
function flip(e) {
  current = e.style.display;
  if (current == 'block') {
    e.style.display = 'none';
    return 0;
  }
  else {
    e.style.display = 'block';
    return 1;
  }
}

function toggleBox(szDivId, elem, msg1, msg2)
{
  var res = -1;  if (document.getElementById) {
    res = flip(document.getElementById(szDivId));
  }
  else if (document.all) {
    // this is the way old msie versions work
    res = flip(document.all[szDivId]);
  }
  if(elem) {
    if(res == 0) elem.innerHTML = msg1; else elem.innerHTML = msg2;
  }

}

function toggleAllBoxes() {
  if (document.getElementsByTagName) {
    d = document.getElementsByTagName('div');
    for (i = 0; i < d.length; i++) {
      if (d[i].className == 'log') {
        flip(d[i]);
      }
    }
  }
}

// -->
</script>

</head>
<body>
<h2 align='center'>Test</h2><table border='1' align="center">
<tr>
<td>Tests passed/Failed/Skipped:</td><td>0/0/8</td>
</tr><tr>
<td>Started on:</td><td>Thu Jul 07 13:20:08 IST 2022</td>
</tr>
<tr><td>Total time:</td><td>0 seconds (197 ms)</td>
</tr><tr>
<td>Included groups:</td><td>regressionTest </td>
</tr><tr>
<td>Excluded groups:</td><td></td>
</tr>
</table><p/>
<small><i>(Hover the method name to see the test class name)</i></small><p/>
<table width='100%' border='1' class='invocation-failed'>
<tr><td colspan='4' align='center'><b>FAILED CONFIGURATIONS</b></td></tr>
<tr><td><b>Test method</b></td>
<td width="30%"><b>Exception</b></td>
<td width="10%"><b>Time (seconds)</b></td>
<td><b>Instance</b></td>
</tr>
<tr>
<td title='com.crm.reqing.SampleTest.Sample_ContactTest.configBC()'><b>configBC</b><br>Test class: com.crm.reqing.SampleTest.Sample_ContactTest</td>
<td><div><pre>org.testng.TestNGException: 
Parameter &apos;browser&apos; is required by BeforeClass on method configBC but has not been marked @Optional or defined
in C:\selenium\com.crm.reqing.sdet36\resgressionTestSuit.xml
	at java.base/java.util.ArrayList.forEach(ArrayList.java:1511)
... Removed 22 stack frames</pre></div><a href='#' onClick='toggleBox("stack-trace1835073088", this, "Click to show all stack frames", "Click to hide stack frames")'>Click to show all stack frames</a>
<div class='stack-trace' id='stack-trace1835073088'><pre>org.testng.TestNGException: 
Parameter &apos;browser&apos; is required by BeforeClass on method configBC but has not been marked @Optional or defined
in C:\selenium\com.crm.reqing.sdet36\resgressionTestSuit.xml
	at org.testng.internal.Parameters.createParams(Parameters.java:270)
	at org.testng.internal.Parameters.createParametersForMethod(Parameters.java:358)
	at org.testng.internal.Parameters.createParameters(Parameters.java:700)
	at org.testng.internal.Parameters.createConfigurationParameters(Parameters.java:168)
	at org.testng.internal.ConfigInvoker.invokeConfigurations(ConfigInvoker.java:302)
	at org.testng.internal.TestMethodWorker.invokeBeforeClassMethods(TestMethodWorker.java:176)
	at org.testng.internal.TestMethodWorker.run(TestMethodWorker.java:122)
	at java.base/java.util.ArrayList.forEach(ArrayList.java:1511)
	at org.testng.TestRunner.privateRun(TestRunner.java:794)
	at org.testng.TestRunner.run(TestRunner.java:596)
	at org.testng.SuiteRunner.runTest(SuiteRunner.java:377)
	at org.testng.SuiteRunner.runSequentially(SuiteRunner.java:371)
	at org.testng.SuiteRunner.privateRun(SuiteRunner.java:332)
	at org.testng.SuiteRunner.run(SuiteRunner.java:276)
	at org.testng.SuiteRunnerWorker.runSuite(SuiteRunnerWorker.java:53)
	at org.testng.SuiteRunnerWorker.run(SuiteRunnerWorker.java:96)
	at org.testng.TestNG.runSuitesSequentially(TestNG.java:1212)
	at org.testng.TestNG.runSuitesLocally(TestNG.java:1134)
	at org.testng.TestNG.runSuites(TestNG.java:1063)
	at org.testng.TestNG.run(TestNG.java:1031)
	at org.testng.remote.AbstractRemoteTestNG.run(AbstractRemoteTestNG.java:115)
	at org.testng.remote.RemoteTestNG.initAndRun(RemoteTestNG.java:251)
	at org.testng.remote.RemoteTestNG.main(RemoteTestNG.java:77)
</pre></div></td>
<td>-1657180208</td>
<td>com.crm.reqing.SampleTest.Sample_ContactTest@26e356f0</td></tr>
<tr>
<td title='com.crm.reqing.SampleTest.Sample_CampaignTest.configBC()'><b>configBC</b><br>Test class: com.crm.reqing.SampleTest.Sample_CampaignTest</td>
<td><div><pre>org.testng.TestNGException: 
Parameter &apos;browser&apos; is required by BeforeClass on method configBC but has not been marked @Optional or defined
in C:\selenium\com.crm.reqing.sdet36\resgressionTestSuit.xml
	at java.base/java.util.ArrayList.forEach(ArrayList.java:1511)
... Removed 22 stack frames</pre></div><a href='#' onClick='toggleBox("stack-trace2123960023", this, "Click to show all stack frames", "Click to hide stack frames")'>Click to show all stack frames</a>
<div class='stack-trace' id='stack-trace2123960023'><pre>org.testng.TestNGException: 
Parameter &apos;browser&apos; is required by BeforeClass on method configBC but has not been marked @Optional or defined
in C:\selenium\com.crm.reqing.sdet36\resgressionTestSuit.xml
	at org.testng.internal.Parameters.createParams(Parameters.java:270)
	at org.testng.internal.Parameters.createParametersForMethod(Parameters.java:358)
	at org.testng.internal.Parameters.createParameters(Parameters.java:700)
	at org.testng.internal.Parameters.createConfigurationParameters(Parameters.java:168)
	at org.testng.internal.ConfigInvoker.invokeConfigurations(ConfigInvoker.java:302)
	at org.testng.internal.TestMethodWorker.invokeBeforeClassMethods(TestMethodWorker.java:176)
	at org.testng.internal.TestMethodWorker.run(TestMethodWorker.java:122)
	at java.base/java.util.ArrayList.forEach(ArrayList.java:1511)
	at org.testng.TestRunner.privateRun(TestRunner.java:794)
	at org.testng.TestRunner.run(TestRunner.java:596)
	at org.testng.SuiteRunner.runTest(SuiteRunner.java:377)
	at org.testng.SuiteRunner.runSequentially(SuiteRunner.java:371)
	at org.testng.SuiteRunner.privateRun(SuiteRunner.java:332)
	at org.testng.SuiteRunner.run(SuiteRunner.java:276)
	at org.testng.SuiteRunnerWorker.runSuite(SuiteRunnerWorker.java:53)
	at org.testng.SuiteRunnerWorker.run(SuiteRunnerWorker.java:96)
	at org.testng.TestNG.runSuitesSequentially(TestNG.java:1212)
	at org.testng.TestNG.runSuitesLocally(TestNG.java:1134)
	at org.testng.TestNG.runSuites(TestNG.java:1063)
	at org.testng.TestNG.run(TestNG.java:1031)
	at org.testng.remote.AbstractRemoteTestNG.run(AbstractRemoteTestNG.java:115)
	at org.testng.remote.RemoteTestNG.initAndRun(RemoteTestNG.java:251)
	at org.testng.remote.RemoteTestNG.main(RemoteTestNG.java:77)
</pre></div></td>
<td>-1657180208</td>
<td>com.crm.reqing.SampleTest.Sample_CampaignTest@4c1909a3</td></tr>
<tr>
<td title='com.crm.reqing.SampleTest.Sample_OrganizationTest.configBC()'><b>configBC</b><br>Test class: com.crm.reqing.SampleTest.Sample_OrganizationTest</td>
<td><div><pre>org.testng.TestNGException: 
Parameter &apos;browser&apos; is required by BeforeClass on method configBC but has not been marked @Optional or defined
in C:\selenium\com.crm.reqing.sdet36\resgressionTestSuit.xml
	at java.base/java.util.ArrayList.forEach(ArrayList.java:1511)
... Removed 22 stack frames</pre></div><a href='#' onClick='toggleBox("stack-trace1848125895", this, "Click to show all stack frames", "Click to hide stack frames")'>Click to show all stack frames</a>
<div class='stack-trace' id='stack-trace1848125895'><pre>org.testng.TestNGException: 
Parameter &apos;browser&apos; is required by BeforeClass on method configBC but has not been marked @Optional or defined
in C:\selenium\com.crm.reqing.sdet36\resgressionTestSuit.xml
	at org.testng.internal.Parameters.createParams(Parameters.java:270)
	at org.testng.internal.Parameters.createParametersForMethod(Parameters.java:358)
	at org.testng.internal.Parameters.createParameters(Parameters.java:700)
	at org.testng.internal.Parameters.createConfigurationParameters(Parameters.java:168)
	at org.testng.internal.ConfigInvoker.invokeConfigurations(ConfigInvoker.java:302)
	at org.testng.internal.TestMethodWorker.invokeBeforeClassMethods(TestMethodWorker.java:176)
	at org.testng.internal.TestMethodWorker.run(TestMethodWorker.java:122)
	at java.base/java.util.ArrayList.forEach(ArrayList.java:1511)
	at org.testng.TestRunner.privateRun(TestRunner.java:794)
	at org.testng.TestRunner.run(TestRunner.java:596)
	at org.testng.SuiteRunner.runTest(SuiteRunner.java:377)
	at org.testng.SuiteRunner.runSequentially(SuiteRunner.java:371)
	at org.testng.SuiteRunner.privateRun(SuiteRunner.java:332)
	at org.testng.SuiteRunner.run(SuiteRunner.java:276)
	at org.testng.SuiteRunnerWorker.runSuite(SuiteRunnerWorker.java:53)
	at org.testng.SuiteRunnerWorker.run(SuiteRunnerWorker.java:96)
	at org.testng.TestNG.runSuitesSequentially(TestNG.java:1212)
	at org.testng.TestNG.runSuitesLocally(TestNG.java:1134)
	at org.testng.TestNG.runSuites(TestNG.java:1063)
	at org.testng.TestNG.run(TestNG.java:1031)
	at org.testng.remote.AbstractRemoteTestNG.run(AbstractRemoteTestNG.java:115)
	at org.testng.remote.RemoteTestNG.initAndRun(RemoteTestNG.java:251)
	at org.testng.remote.RemoteTestNG.main(RemoteTestNG.java:77)
</pre></div></td>
<td>-1657180208</td>
<td>com.crm.reqing.SampleTest.Sample_OrganizationTest@4b0d79fc</td></tr>
<tr>
<td title='com.crm.reqing.SampleTest.Sample_ProductTest.configBC()'><b>configBC</b><br>Test class: com.crm.reqing.SampleTest.Sample_ProductTest</td>
<td><div><pre>org.testng.TestNGException: 
Parameter &apos;browser&apos; is required by BeforeClass on method configBC but has not been marked @Optional or defined
in C:\selenium\com.crm.reqing.sdet36\resgressionTestSuit.xml
	at java.base/java.util.ArrayList.forEach(ArrayList.java:1511)
... Removed 22 stack frames</pre></div><a href='#' onClick='toggleBox("stack-trace441001942", this, "Click to show all stack frames", "Click to hide stack frames")'>Click to show all stack frames</a>
<div class='stack-trace' id='stack-trace441001942'><pre>org.testng.TestNGException: 
Parameter &apos;browser&apos; is required by BeforeClass on method configBC but has not been marked @Optional or defined
in C:\selenium\com.crm.reqing.sdet36\resgressionTestSuit.xml
	at org.testng.internal.Parameters.createParams(Parameters.java:270)
	at org.testng.internal.Parameters.createParametersForMethod(Parameters.java:358)
	at org.testng.internal.Parameters.createParameters(Parameters.java:700)
	at org.testng.internal.Parameters.createConfigurationParameters(Parameters.java:168)
	at org.testng.internal.ConfigInvoker.invokeConfigurations(ConfigInvoker.java:302)
	at org.testng.internal.TestMethodWorker.invokeBeforeClassMethods(TestMethodWorker.java:176)
	at org.testng.internal.TestMethodWorker.run(TestMethodWorker.java:122)
	at java.base/java.util.ArrayList.forEach(ArrayList.java:1511)
	at org.testng.TestRunner.privateRun(TestRunner.java:794)
	at org.testng.TestRunner.run(TestRunner.java:596)
	at org.testng.SuiteRunner.runTest(SuiteRunner.java:377)
	at org.testng.SuiteRunner.runSequentially(SuiteRunner.java:371)
	at org.testng.SuiteRunner.privateRun(SuiteRunner.java:332)
	at org.testng.SuiteRunner.run(SuiteRunner.java:276)
	at org.testng.SuiteRunnerWorker.runSuite(SuiteRunnerWorker.java:53)
	at org.testng.SuiteRunnerWorker.run(SuiteRunnerWorker.java:96)
	at org.testng.TestNG.runSuitesSequentially(TestNG.java:1212)
	at org.testng.TestNG.runSuitesLocally(TestNG.java:1134)
	at org.testng.TestNG.runSuites(TestNG.java:1063)
	at org.testng.TestNG.run(TestNG.java:1031)
	at org.testng.remote.AbstractRemoteTestNG.run(AbstractRemoteTestNG.java:115)
	at org.testng.remote.RemoteTestNG.initAndRun(RemoteTestNG.java:251)
	at org.testng.remote.RemoteTestNG.main(RemoteTestNG.java:77)
</pre></div></td>
<td>-1657180208</td>
<td>com.crm.reqing.SampleTest.Sample_ProductTest@2d710f1a</td></tr>
</table><p>
<table width='100%' border='1' class='invocation-skipped'>
<tr><td colspan='4' align='center'><b>SKIPPED CONFIGURATIONS</b></td></tr>
<tr><td><b>Test method</b></td>
<td width="30%"><b>Exception</b></td>
<td width="10%"><b>Time (seconds)</b></td>
<td><b>Instance</b></td>
</tr>
<tr>
<td title='com.crm.reqing.SampleTest.Sample_OrganizationTest.configAM()'><b>configAM</b><br>Test class: com.crm.reqing.SampleTest.Sample_OrganizationTest</td>
<td></td>
<td>-1657180208</td>
<td>com.crm.reqing.SampleTest.Sample_OrganizationTest@4b0d79fc</td></tr>
<tr>
<td title='com.crm.reqing.SampleTest.Sample_CampaignTest.configAC()'><b>configAC</b><br>Test class: com.crm.reqing.SampleTest.Sample_CampaignTest</td>
<td></td>
<td>-1657180208</td>
<td>com.crm.reqing.SampleTest.Sample_CampaignTest@4c1909a3</td></tr>
<tr>
<td title='com.crm.reqing.SampleTest.Sample_CampaignTest.configAM()'><b>configAM</b><br>Test class: com.crm.reqing.SampleTest.Sample_CampaignTest</td>
<td></td>
<td>-1657180208</td>
<td>com.crm.reqing.SampleTest.Sample_CampaignTest@4c1909a3</td></tr>
<tr>
<td title='com.crm.reqing.SampleTest.Sample_ProductTest.configAC()'><b>configAC</b><br>Test class: com.crm.reqing.SampleTest.Sample_ProductTest</td>
<td></td>
<td>-1657180208</td>
<td>com.crm.reqing.SampleTest.Sample_ProductTest@2d710f1a</td></tr>
<tr>
<td title='com.crm.reqing.SampleTest.Sample_ContactTest.configAC()'><b>configAC</b><br>Test class: com.crm.reqing.SampleTest.Sample_ContactTest</td>
<td></td>
<td>-1657180208</td>
<td>com.crm.reqing.SampleTest.Sample_ContactTest@26e356f0</td></tr>
<tr>
<td title='com.crm.reqing.SampleTest.Sample_CampaignTest.configAM()'><b>configAM</b><br>Test class: com.crm.reqing.SampleTest.Sample_CampaignTest</td>
<td></td>
<td>-1657180208</td>
<td>com.crm.reqing.SampleTest.Sample_CampaignTest@4c1909a3</td></tr>
<tr>
<td title='com.crm.reqing.SampleTest.Sample_OrganizationTest.configAM()'><b>configAM</b><br>Test class: com.crm.reqing.SampleTest.Sample_OrganizationTest</td>
<td></td>
<td>-1657180208</td>
<td>com.crm.reqing.SampleTest.Sample_OrganizationTest@4b0d79fc</td></tr>
<tr>
<td title='com.crm.reqing.SampleTest.Sample_ProductTest.configAM()'><b>configAM</b><br>Test class: com.crm.reqing.SampleTest.Sample_ProductTest</td>
<td></td>
<td>-1657180208</td>
<td>com.crm.reqing.SampleTest.Sample_ProductTest@2d710f1a</td></tr>
<tr>
<td title='com.crm.reqing.SampleTest.Sample_ContactTest.configBM()'><b>configBM</b><br>Test class: com.crm.reqing.SampleTest.Sample_ContactTest</td>
<td></td>
<td>-1657180208</td>
<td>com.crm.reqing.SampleTest.Sample_ContactTest@26e356f0</td></tr>
<tr>
<td title='com.crm.reqing.SampleTest.Sample_CampaignTest.configBM()'><b>configBM</b><br>Test class: com.crm.reqing.SampleTest.Sample_CampaignTest</td>
<td></td>
<td>-1657180208</td>
<td>com.crm.reqing.SampleTest.Sample_CampaignTest@4c1909a3</td></tr>
<tr>
<td title='com.crm.reqing.SampleTest.Sample_OrganizationTest.configBM()'><b>configBM</b><br>Test class: com.crm.reqing.SampleTest.Sample_OrganizationTest</td>
<td></td>
<td>-1657180208</td>
<td>com.crm.reqing.SampleTest.Sample_OrganizationTest@4b0d79fc</td></tr>
<tr>
<td title='com.crm.reqing.SampleTest.Sample_OrganizationTest.configBM()'><b>configBM</b><br>Test class: com.crm.reqing.SampleTest.Sample_OrganizationTest</td>
<td></td>
<td>-1657180208</td>
<td>com.crm.reqing.SampleTest.Sample_OrganizationTest@4b0d79fc</td></tr>
<tr>
<td title='com.crm.reqing.SampleTest.Sample_OrganizationTest.configAC()'><b>configAC</b><br>Test class: com.crm.reqing.SampleTest.Sample_OrganizationTest</td>
<td></td>
<td>-1657180208</td>
<td>com.crm.reqing.SampleTest.Sample_OrganizationTest@4b0d79fc</td></tr>
<tr>
<td title='com.crm.reqing.SampleTest.Sample_ContactTest.configAM()'><b>configAM</b><br>Test class: com.crm.reqing.SampleTest.Sample_ContactTest</td>
<td></td>
<td>-1657180208</td>
<td>com.crm.reqing.SampleTest.Sample_ContactTest@26e356f0</td></tr>
<tr>
<td title='com.crm.reqing.SampleTest.Sample_CampaignTest.configBM()'><b>configBM</b><br>Test class: com.crm.reqing.SampleTest.Sample_CampaignTest</td>
<td></td>
<td>-1657180208</td>
<td>com.crm.reqing.SampleTest.Sample_CampaignTest@4c1909a3</td></tr>
<tr>
<td title='com.crm.reqing.SampleTest.Sample_ContactTest.configAM()'><b>configAM</b><br>Test class: com.crm.reqing.SampleTest.Sample_ContactTest</td>
<td></td>
<td>-1657180208</td>
<td>com.crm.reqing.SampleTest.Sample_ContactTest@26e356f0</td></tr>
<tr>
<td title='com.crm.reqing.SampleTest.Sample_ProductTest.configAM()'><b>configAM</b><br>Test class: com.crm.reqing.SampleTest.Sample_ProductTest</td>
<td></td>
<td>-1657180208</td>
<td>com.crm.reqing.SampleTest.Sample_ProductTest@2d710f1a</td></tr>
<tr>
<td title='com.crm.reqing.SampleTest.Sample_ProductTest.configBM()'><b>configBM</b><br>Test class: com.crm.reqing.SampleTest.Sample_ProductTest</td>
<td></td>
<td>-1657180208</td>
<td>com.crm.reqing.SampleTest.Sample_ProductTest@2d710f1a</td></tr>
<tr>
<td title='com.crm.reqing.SampleTest.Sample_ContactTest.configBM()'><b>configBM</b><br>Test class: com.crm.reqing.SampleTest.Sample_ContactTest</td>
<td></td>
<td>-1657180208</td>
<td>com.crm.reqing.SampleTest.Sample_ContactTest@26e356f0</td></tr>
<tr>
<td title='com.crm.reqing.SampleTest.Sample_ProductTest.configBM()'><b>configBM</b><br>Test class: com.crm.reqing.SampleTest.Sample_ProductTest</td>
<td></td>
<td>-1657180208</td>
<td>com.crm.reqing.SampleTest.Sample_ProductTest@2d710f1a</td></tr>
</table><p>
<table width='100%' border='1' class='invocation-skipped'>
<tr><td colspan='4' align='center'><b>SKIPPED TESTS</b></td></tr>
<tr><td><b>Test method</b></td>
<td width="30%"><b>Exception</b></td>
<td width="10%"><b>Time (seconds)</b></td>
<td><b>Instance</b></td>
</tr>
<tr>
<td title='com.crm.reqing.SampleTest.Sample_CampaignTest.createCampaignWithMandatoryFieldTest()'><b>createCampaignWithMandatoryFieldTest</b><br>Test class: com.crm.reqing.SampleTest.Sample_CampaignTest</td>
<td><div><pre>org.testng.TestNGException: 
Parameter &apos;browser&apos; is required by BeforeClass on method configBC but has not been marked @Optional or defined
in C:\selenium\com.crm.reqing.sdet36\resgressionTestSuit.xml
	at java.base/java.util.ArrayList.forEach(ArrayList.java:1511)
... Removed 22 stack frames</pre></div><a href='#' onClick='toggleBox("stack-trace1485089044", this, "Click to show all stack frames", "Click to hide stack frames")'>Click to show all stack frames</a>
<div class='stack-trace' id='stack-trace1485089044'><pre>org.testng.TestNGException: 
Parameter &apos;browser&apos; is required by BeforeClass on method configBC but has not been marked @Optional or defined
in C:\selenium\com.crm.reqing.sdet36\resgressionTestSuit.xml
	at org.testng.internal.Parameters.createParams(Parameters.java:270)
	at org.testng.internal.Parameters.createParametersForMethod(Parameters.java:358)
	at org.testng.internal.Parameters.createParameters(Parameters.java:700)
	at org.testng.internal.Parameters.createConfigurationParameters(Parameters.java:168)
	at org.testng.internal.ConfigInvoker.invokeConfigurations(ConfigInvoker.java:302)
	at org.testng.internal.TestMethodWorker.invokeBeforeClassMethods(TestMethodWorker.java:176)
	at org.testng.internal.TestMethodWorker.run(TestMethodWorker.java:122)
	at java.base/java.util.ArrayList.forEach(ArrayList.java:1511)
	at org.testng.TestRunner.privateRun(TestRunner.java:794)
	at org.testng.TestRunner.run(TestRunner.java:596)
	at org.testng.SuiteRunner.runTest(SuiteRunner.java:377)
	at org.testng.SuiteRunner.runSequentially(SuiteRunner.java:371)
	at org.testng.SuiteRunner.privateRun(SuiteRunner.java:332)
	at org.testng.SuiteRunner.run(SuiteRunner.java:276)
	at org.testng.SuiteRunnerWorker.runSuite(SuiteRunnerWorker.java:53)
	at org.testng.SuiteRunnerWorker.run(SuiteRunnerWorker.java:96)
	at org.testng.TestNG.runSuitesSequentially(TestNG.java:1212)
	at org.testng.TestNG.runSuitesLocally(TestNG.java:1134)
	at org.testng.TestNG.runSuites(TestNG.java:1063)
	at org.testng.TestNG.run(TestNG.java:1031)
	at org.testng.remote.AbstractRemoteTestNG.run(AbstractRemoteTestNG.java:115)
	at org.testng.remote.RemoteTestNG.initAndRun(RemoteTestNG.java:251)
	at org.testng.remote.RemoteTestNG.main(RemoteTestNG.java:77)
</pre></div></td>
<td>0</td>
<td>com.crm.reqing.SampleTest.Sample_CampaignTest@4c1909a3</td></tr>
<tr>
<td title='com.crm.reqing.SampleTest.Sample_OrganizationTest.CreateOrganizationWithMemberOfTest()'><b>CreateOrganizationWithMemberOfTest</b><br>Test class: com.crm.reqing.SampleTest.Sample_OrganizationTest</td>
<td><div><pre>org.testng.TestNGException: 
Parameter &apos;browser&apos; is required by BeforeClass on method configBC but has not been marked @Optional or defined
in C:\selenium\com.crm.reqing.sdet36\resgressionTestSuit.xml
	at java.base/java.util.ArrayList.forEach(ArrayList.java:1511)
... Removed 22 stack frames</pre></div><a href='#' onClick='toggleBox("stack-trace1440621772", this, "Click to show all stack frames", "Click to hide stack frames")'>Click to show all stack frames</a>
<div class='stack-trace' id='stack-trace1440621772'><pre>org.testng.TestNGException: 
Parameter &apos;browser&apos; is required by BeforeClass on method configBC but has not been marked @Optional or defined
in C:\selenium\com.crm.reqing.sdet36\resgressionTestSuit.xml
	at org.testng.internal.Parameters.createParams(Parameters.java:270)
	at org.testng.internal.Parameters.createParametersForMethod(Parameters.java:358)
	at org.testng.internal.Parameters.createParameters(Parameters.java:700)
	at org.testng.internal.Parameters.createConfigurationParameters(Parameters.java:168)
	at org.testng.internal.ConfigInvoker.invokeConfigurations(ConfigInvoker.java:302)
	at org.testng.internal.TestMethodWorker.invokeBeforeClassMethods(TestMethodWorker.java:176)
	at org.testng.internal.TestMethodWorker.run(TestMethodWorker.java:122)
	at java.base/java.util.ArrayList.forEach(ArrayList.java:1511)
	at org.testng.TestRunner.privateRun(TestRunner.java:794)
	at org.testng.TestRunner.run(TestRunner.java:596)
	at org.testng.SuiteRunner.runTest(SuiteRunner.java:377)
	at org.testng.SuiteRunner.runSequentially(SuiteRunner.java:371)
	at org.testng.SuiteRunner.privateRun(SuiteRunner.java:332)
	at org.testng.SuiteRunner.run(SuiteRunner.java:276)
	at org.testng.SuiteRunnerWorker.runSuite(SuiteRunnerWorker.java:53)
	at org.testng.SuiteRunnerWorker.run(SuiteRunnerWorker.java:96)
	at org.testng.TestNG.runSuitesSequentially(TestNG.java:1212)
	at org.testng.TestNG.runSuitesLocally(TestNG.java:1134)
	at org.testng.TestNG.runSuites(TestNG.java:1063)
	at org.testng.TestNG.run(TestNG.java:1031)
	at org.testng.remote.AbstractRemoteTestNG.run(AbstractRemoteTestNG.java:115)
	at org.testng.remote.RemoteTestNG.initAndRun(RemoteTestNG.java:251)
	at org.testng.remote.RemoteTestNG.main(RemoteTestNG.java:77)
</pre></div></td>
<td>0</td>
<td>com.crm.reqing.SampleTest.Sample_OrganizationTest@4b0d79fc</td></tr>
<tr>
<td title='com.crm.reqing.SampleTest.Sample_ProductTest.CreateProductWithVendorsTest()'><b>CreateProductWithVendorsTest</b><br>Test class: com.crm.reqing.SampleTest.Sample_ProductTest</td>
<td><div><pre>org.testng.TestNGException: 
Parameter &apos;browser&apos; is required by BeforeClass on method configBC but has not been marked @Optional or defined
in C:\selenium\com.crm.reqing.sdet36\resgressionTestSuit.xml
	at java.base/java.util.ArrayList.forEach(ArrayList.java:1511)
... Removed 22 stack frames</pre></div><a href='#' onClick='toggleBox("stack-trace1795816257", this, "Click to show all stack frames", "Click to hide stack frames")'>Click to show all stack frames</a>
<div class='stack-trace' id='stack-trace1795816257'><pre>org.testng.TestNGException: 
Parameter &apos;browser&apos; is required by BeforeClass on method configBC but has not been marked @Optional or defined
in C:\selenium\com.crm.reqing.sdet36\resgressionTestSuit.xml
	at org.testng.internal.Parameters.createParams(Parameters.java:270)
	at org.testng.internal.Parameters.createParametersForMethod(Parameters.java:358)
	at org.testng.internal.Parameters.createParameters(Parameters.java:700)
	at org.testng.internal.Parameters.createConfigurationParameters(Parameters.java:168)
	at org.testng.internal.ConfigInvoker.invokeConfigurations(ConfigInvoker.java:302)
	at org.testng.internal.TestMethodWorker.invokeBeforeClassMethods(TestMethodWorker.java:176)
	at org.testng.internal.TestMethodWorker.run(TestMethodWorker.java:122)
	at java.base/java.util.ArrayList.forEach(ArrayList.java:1511)
	at org.testng.TestRunner.privateRun(TestRunner.java:794)
	at org.testng.TestRunner.run(TestRunner.java:596)
	at org.testng.SuiteRunner.runTest(SuiteRunner.java:377)
	at org.testng.SuiteRunner.runSequentially(SuiteRunner.java:371)
	at org.testng.SuiteRunner.privateRun(SuiteRunner.java:332)
	at org.testng.SuiteRunner.run(SuiteRunner.java:276)
	at org.testng.SuiteRunnerWorker.runSuite(SuiteRunnerWorker.java:53)
	at org.testng.SuiteRunnerWorker.run(SuiteRunnerWorker.java:96)
	at org.testng.TestNG.runSuitesSequentially(TestNG.java:1212)
	at org.testng.TestNG.runSuitesLocally(TestNG.java:1134)
	at org.testng.TestNG.runSuites(TestNG.java:1063)
	at org.testng.TestNG.run(TestNG.java:1031)
	at org.testng.remote.AbstractRemoteTestNG.run(AbstractRemoteTestNG.java:115)
	at org.testng.remote.RemoteTestNG.initAndRun(RemoteTestNG.java:251)
	at org.testng.remote.RemoteTestNG.main(RemoteTestNG.java:77)
</pre></div></td>
<td>0</td>
<td>com.crm.reqing.SampleTest.Sample_ProductTest@2d710f1a</td></tr>
<tr>
<td title='com.crm.reqing.SampleTest.Sample_ContactTest.CreateContactWithOrganizationTest()'><b>CreateContactWithOrganizationTest</b><br>Test class: com.crm.reqing.SampleTest.Sample_ContactTest</td>
<td><div><pre>org.testng.TestNGException: 
Parameter &apos;browser&apos; is required by BeforeClass on method configBC but has not been marked @Optional or defined
in C:\selenium\com.crm.reqing.sdet36\resgressionTestSuit.xml
	at java.base/java.util.ArrayList.forEach(ArrayList.java:1511)
... Removed 22 stack frames</pre></div><a href='#' onClick='toggleBox("stack-trace1534754611", this, "Click to show all stack frames", "Click to hide stack frames")'>Click to show all stack frames</a>
<div class='stack-trace' id='stack-trace1534754611'><pre>org.testng.TestNGException: 
Parameter &apos;browser&apos; is required by BeforeClass on method configBC but has not been marked @Optional or defined
in C:\selenium\com.crm.reqing.sdet36\resgressionTestSuit.xml
	at org.testng.internal.Parameters.createParams(Parameters.java:270)
	at org.testng.internal.Parameters.createParametersForMethod(Parameters.java:358)
	at org.testng.internal.Parameters.createParameters(Parameters.java:700)
	at org.testng.internal.Parameters.createConfigurationParameters(Parameters.java:168)
	at org.testng.internal.ConfigInvoker.invokeConfigurations(ConfigInvoker.java:302)
	at org.testng.internal.TestMethodWorker.invokeBeforeClassMethods(TestMethodWorker.java:176)
	at org.testng.internal.TestMethodWorker.run(TestMethodWorker.java:122)
	at java.base/java.util.ArrayList.forEach(ArrayList.java:1511)
	at org.testng.TestRunner.privateRun(TestRunner.java:794)
	at org.testng.TestRunner.run(TestRunner.java:596)
	at org.testng.SuiteRunner.runTest(SuiteRunner.java:377)
	at org.testng.SuiteRunner.runSequentially(SuiteRunner.java:371)
	at org.testng.SuiteRunner.privateRun(SuiteRunner.java:332)
	at org.testng.SuiteRunner.run(SuiteRunner.java:276)
	at org.testng.SuiteRunnerWorker.runSuite(SuiteRunnerWorker.java:53)
	at org.testng.SuiteRunnerWorker.run(SuiteRunnerWorker.java:96)
	at org.testng.TestNG.runSuitesSequentially(TestNG.java:1212)
	at org.testng.TestNG.runSuitesLocally(TestNG.java:1134)
	at org.testng.TestNG.runSuites(TestNG.java:1063)
	at org.testng.TestNG.run(TestNG.java:1031)
	at org.testng.remote.AbstractRemoteTestNG.run(AbstractRemoteTestNG.java:115)
	at org.testng.remote.RemoteTestNG.initAndRun(RemoteTestNG.java:251)
	at org.testng.remote.RemoteTestNG.main(RemoteTestNG.java:77)
</pre></div></td>
<td>0</td>
<td>com.crm.reqing.SampleTest.Sample_ContactTest@26e356f0</td></tr>
<tr>
<td title='com.crm.reqing.SampleTest.Sample_OrganizationTest.CreateOrganizationWithMandatory()'><b>CreateOrganizationWithMandatory</b><br>Test class: com.crm.reqing.SampleTest.Sample_OrganizationTest</td>
<td><div><pre>org.testng.TestNGException: 
Parameter &apos;browser&apos; is required by BeforeClass on method configBC but has not been marked @Optional or defined
in C:\selenium\com.crm.reqing.sdet36\resgressionTestSuit.xml
	at java.base/java.util.ArrayList.forEach(ArrayList.java:1511)
... Removed 22 stack frames</pre></div><a href='#' onClick='toggleBox("stack-trace1787189503", this, "Click to show all stack frames", "Click to hide stack frames")'>Click to show all stack frames</a>
<div class='stack-trace' id='stack-trace1787189503'><pre>org.testng.TestNGException: 
Parameter &apos;browser&apos; is required by BeforeClass on method configBC but has not been marked @Optional or defined
in C:\selenium\com.crm.reqing.sdet36\resgressionTestSuit.xml
	at org.testng.internal.Parameters.createParams(Parameters.java:270)
	at org.testng.internal.Parameters.createParametersForMethod(Parameters.java:358)
	at org.testng.internal.Parameters.createParameters(Parameters.java:700)
	at org.testng.internal.Parameters.createConfigurationParameters(Parameters.java:168)
	at org.testng.internal.ConfigInvoker.invokeConfigurations(ConfigInvoker.java:302)
	at org.testng.internal.TestMethodWorker.invokeBeforeClassMethods(TestMethodWorker.java:176)
	at org.testng.internal.TestMethodWorker.run(TestMethodWorker.java:122)
	at java.base/java.util.ArrayList.forEach(ArrayList.java:1511)
	at org.testng.TestRunner.privateRun(TestRunner.java:794)
	at org.testng.TestRunner.run(TestRunner.java:596)
	at org.testng.SuiteRunner.runTest(SuiteRunner.java:377)
	at org.testng.SuiteRunner.runSequentially(SuiteRunner.java:371)
	at org.testng.SuiteRunner.privateRun(SuiteRunner.java:332)
	at org.testng.SuiteRunner.run(SuiteRunner.java:276)
	at org.testng.SuiteRunnerWorker.runSuite(SuiteRunnerWorker.java:53)
	at org.testng.SuiteRunnerWorker.run(SuiteRunnerWorker.java:96)
	at org.testng.TestNG.runSuitesSequentially(TestNG.java:1212)
	at org.testng.TestNG.runSuitesLocally(TestNG.java:1134)
	at org.testng.TestNG.runSuites(TestNG.java:1063)
	at org.testng.TestNG.run(TestNG.java:1031)
	at org.testng.remote.AbstractRemoteTestNG.run(AbstractRemoteTestNG.java:115)
	at org.testng.remote.RemoteTestNG.initAndRun(RemoteTestNG.java:251)
	at org.testng.remote.RemoteTestNG.main(RemoteTestNG.java:77)
</pre></div></td>
<td>0</td>
<td>com.crm.reqing.SampleTest.Sample_OrganizationTest@4b0d79fc</td></tr>
<tr>
<td title='com.crm.reqing.SampleTest.Sample_ContactTest.CreateContactWithMandatory()'><b>CreateContactWithMandatory</b><br>Test class: com.crm.reqing.SampleTest.Sample_ContactTest</td>
<td><div><pre>org.testng.TestNGException: 
Parameter &apos;browser&apos; is required by BeforeClass on method configBC but has not been marked @Optional or defined
in C:\selenium\com.crm.reqing.sdet36\resgressionTestSuit.xml
	at java.base/java.util.ArrayList.forEach(ArrayList.java:1511)
... Removed 22 stack frames</pre></div><a href='#' onClick='toggleBox("stack-trace648786246", this, "Click to show all stack frames", "Click to hide stack frames")'>Click to show all stack frames</a>
<div class='stack-trace' id='stack-trace648786246'><pre>org.testng.TestNGException: 
Parameter &apos;browser&apos; is required by BeforeClass on method configBC but has not been marked @Optional or defined
in C:\selenium\com.crm.reqing.sdet36\resgressionTestSuit.xml
	at org.testng.internal.Parameters.createParams(Parameters.java:270)
	at org.testng.internal.Parameters.createParametersForMethod(Parameters.java:358)
	at org.testng.internal.Parameters.createParameters(Parameters.java:700)
	at org.testng.internal.Parameters.createConfigurationParameters(Parameters.java:168)
	at org.testng.internal.ConfigInvoker.invokeConfigurations(ConfigInvoker.java:302)
	at org.testng.internal.TestMethodWorker.invokeBeforeClassMethods(TestMethodWorker.java:176)
	at org.testng.internal.TestMethodWorker.run(TestMethodWorker.java:122)
	at java.base/java.util.ArrayList.forEach(ArrayList.java:1511)
	at org.testng.TestRunner.privateRun(TestRunner.java:794)
	at org.testng.TestRunner.run(TestRunner.java:596)
	at org.testng.SuiteRunner.runTest(SuiteRunner.java:377)
	at org.testng.SuiteRunner.runSequentially(SuiteRunner.java:371)
	at org.testng.SuiteRunner.privateRun(SuiteRunner.java:332)
	at org.testng.SuiteRunner.run(SuiteRunner.java:276)
	at org.testng.SuiteRunnerWorker.runSuite(SuiteRunnerWorker.java:53)
	at org.testng.SuiteRunnerWorker.run(SuiteRunnerWorker.java:96)
	at org.testng.TestNG.runSuitesSequentially(TestNG.java:1212)
	at org.testng.TestNG.runSuitesLocally(TestNG.java:1134)
	at org.testng.TestNG.runSuites(TestNG.java:1063)
	at org.testng.TestNG.run(TestNG.java:1031)
	at org.testng.remote.AbstractRemoteTestNG.run(AbstractRemoteTestNG.java:115)
	at org.testng.remote.RemoteTestNG.initAndRun(RemoteTestNG.java:251)
	at org.testng.remote.RemoteTestNG.main(RemoteTestNG.java:77)
</pre></div></td>
<td>0</td>
<td>com.crm.reqing.SampleTest.Sample_ContactTest@26e356f0</td></tr>
<tr>
<td title='com.crm.reqing.SampleTest.Sample_ProductTest.CreateProductWithMandatoryTest()'><b>CreateProductWithMandatoryTest</b><br>Test class: com.crm.reqing.SampleTest.Sample_ProductTest</td>
<td><div><pre>org.testng.TestNGException: 
Parameter &apos;browser&apos; is required by BeforeClass on method configBC but has not been marked @Optional or defined
in C:\selenium\com.crm.reqing.sdet36\resgressionTestSuit.xml
	at java.base/java.util.ArrayList.forEach(ArrayList.java:1511)
... Removed 22 stack frames</pre></div><a href='#' onClick='toggleBox("stack-trace11249189", this, "Click to show all stack frames", "Click to hide stack frames")'>Click to show all stack frames</a>
<div class='stack-trace' id='stack-trace11249189'><pre>org.testng.TestNGException: 
Parameter &apos;browser&apos; is required by BeforeClass on method configBC but has not been marked @Optional or defined
in C:\selenium\com.crm.reqing.sdet36\resgressionTestSuit.xml
	at org.testng.internal.Parameters.createParams(Parameters.java:270)
	at org.testng.internal.Parameters.createParametersForMethod(Parameters.java:358)
	at org.testng.internal.Parameters.createParameters(Parameters.java:700)
	at org.testng.internal.Parameters.createConfigurationParameters(Parameters.java:168)
	at org.testng.internal.ConfigInvoker.invokeConfigurations(ConfigInvoker.java:302)
	at org.testng.internal.TestMethodWorker.invokeBeforeClassMethods(TestMethodWorker.java:176)
	at org.testng.internal.TestMethodWorker.run(TestMethodWorker.java:122)
	at java.base/java.util.ArrayList.forEach(ArrayList.java:1511)
	at org.testng.TestRunner.privateRun(TestRunner.java:794)
	at org.testng.TestRunner.run(TestRunner.java:596)
	at org.testng.SuiteRunner.runTest(SuiteRunner.java:377)
	at org.testng.SuiteRunner.runSequentially(SuiteRunner.java:371)
	at org.testng.SuiteRunner.privateRun(SuiteRunner.java:332)
	at org.testng.SuiteRunner.run(SuiteRunner.java:276)
	at org.testng.SuiteRunnerWorker.runSuite(SuiteRunnerWorker.java:53)
	at org.testng.SuiteRunnerWorker.run(SuiteRunnerWorker.java:96)
	at org.testng.TestNG.runSuitesSequentially(TestNG.java:1212)
	at org.testng.TestNG.runSuitesLocally(TestNG.java:1134)
	at org.testng.TestNG.runSuites(TestNG.java:1063)
	at org.testng.TestNG.run(TestNG.java:1031)
	at org.testng.remote.AbstractRemoteTestNG.run(AbstractRemoteTestNG.java:115)
	at org.testng.remote.RemoteTestNG.initAndRun(RemoteTestNG.java:251)
	at org.testng.remote.RemoteTestNG.main(RemoteTestNG.java:77)
</pre></div></td>
<td>0</td>
<td>com.crm.reqing.SampleTest.Sample_ProductTest@2d710f1a</td></tr>
<tr>
<td title='com.crm.reqing.SampleTest.Sample_CampaignTest.CreateCampaignWithProductTest()'><b>CreateCampaignWithProductTest</b><br>Test class: com.crm.reqing.SampleTest.Sample_CampaignTest</td>
<td><div><pre>org.testng.TestNGException: 
Parameter &apos;browser&apos; is required by BeforeClass on method configBC but has not been marked @Optional or defined
in C:\selenium\com.crm.reqing.sdet36\resgressionTestSuit.xml
	at java.base/java.util.ArrayList.forEach(ArrayList.java:1511)
... Removed 22 stack frames</pre></div><a href='#' onClick='toggleBox("stack-trace635371680", this, "Click to show all stack frames", "Click to hide stack frames")'>Click to show all stack frames</a>
<div class='stack-trace' id='stack-trace635371680'><pre>org.testng.TestNGException: 
Parameter &apos;browser&apos; is required by BeforeClass on method configBC but has not been marked @Optional or defined
in C:\selenium\com.crm.reqing.sdet36\resgressionTestSuit.xml
	at org.testng.internal.Parameters.createParams(Parameters.java:270)
	at org.testng.internal.Parameters.createParametersForMethod(Parameters.java:358)
	at org.testng.internal.Parameters.createParameters(Parameters.java:700)
	at org.testng.internal.Parameters.createConfigurationParameters(Parameters.java:168)
	at org.testng.internal.ConfigInvoker.invokeConfigurations(ConfigInvoker.java:302)
	at org.testng.internal.TestMethodWorker.invokeBeforeClassMethods(TestMethodWorker.java:176)
	at org.testng.internal.TestMethodWorker.run(TestMethodWorker.java:122)
	at java.base/java.util.ArrayList.forEach(ArrayList.java:1511)
	at org.testng.TestRunner.privateRun(TestRunner.java:794)
	at org.testng.TestRunner.run(TestRunner.java:596)
	at org.testng.SuiteRunner.runTest(SuiteRunner.java:377)
	at org.testng.SuiteRunner.runSequentially(SuiteRunner.java:371)
	at org.testng.SuiteRunner.privateRun(SuiteRunner.java:332)
	at org.testng.SuiteRunner.run(SuiteRunner.java:276)
	at org.testng.SuiteRunnerWorker.runSuite(SuiteRunnerWorker.java:53)
	at org.testng.SuiteRunnerWorker.run(SuiteRunnerWorker.java:96)
	at org.testng.TestNG.runSuitesSequentially(TestNG.java:1212)
	at org.testng.TestNG.runSuitesLocally(TestNG.java:1134)
	at org.testng.TestNG.runSuites(TestNG.java:1063)
	at org.testng.TestNG.run(TestNG.java:1031)
	at org.testng.remote.AbstractRemoteTestNG.run(AbstractRemoteTestNG.java:115)
	at org.testng.remote.RemoteTestNG.initAndRun(RemoteTestNG.java:251)
	at org.testng.remote.RemoteTestNG.main(RemoteTestNG.java:77)
</pre></div></td>
<td>0</td>
<td>com.crm.reqing.SampleTest.Sample_CampaignTest@4c1909a3</td></tr>
</table><p>
</body>
</html>