<?xml version="1.0" encoding="UTF-8"?>
<!-- Generated by org.testng.reporters.JUnitXMLReporter -->
<testsuite ignored="6" hostname="DESKTOP-0CCPETD" failures="0" tests="8" name="Test" time="0.197" errors="0" timestamp="2022-07-07T13:20:09 IST">
  <testcase classname="com.crm.reqing.GenericUtility.BaseClass" name="@BeforeClass configBC" time="-1.657180208818E9">
    <failure type="org.testng.TestNGException" message="
Parameter &amp;apos;browser&amp;apos; is required by BeforeClass on method configBC but has not been marked @Optional or defined
in C:\selenium\com.crm.reqing.sdet36\resgressionTestSuit.xml">
      <![CDATA[org.testng.TestNGException: 
Parameter 'browser' is required by BeforeClass on method configBC but has not been marked @Optional or defined
in C:\selenium\com.crm.reqing.sdet36\resgressionTestSuit.xml
at java.base/java.util.ArrayList.forEach(ArrayList.java:1511)
... Removed 22 stack frames]]>
    </failure>
  </testcase> <!-- @BeforeClass configBC -->
  <testcase classname="com.crm.reqing.GenericUtility.BaseClass" name="@BeforeMethod configBM" time="-1.657180208853E9">
    <skipped/>
  </testcase> <!-- @BeforeMethod configBM -->
  <testcase classname="com.crm.reqing.GenericUtility.BaseClass" name="@AfterMethod configAM" time="-1.657180208864E9">
    <skipped/>
  </testcase> <!-- @AfterMethod configAM -->
  <testcase classname="com.crm.reqing.GenericUtility.BaseClass" name="@BeforeMethod configBM" time="-1.65718020887E9">
    <skipped/>
  </testcase> <!-- @BeforeMethod configBM -->
  <testcase classname="com.crm.reqing.GenericUtility.BaseClass" name="@AfterMethod configAM" time="-1.657180208877E9">
    <skipped/>
  </testcase> <!-- @AfterMethod configAM -->
  <testcase classname="com.crm.reqing.GenericUtility.BaseClass" name="@AfterClass configAC" time="-1.657180208881E9">
    <skipped/>
  </testcase> <!-- @AfterClass configAC -->
  <testcase classname="com.crm.reqing.GenericUtility.BaseClass" name="@BeforeClass configBC" time="-1.657180208891E9">
    <failure type="org.testng.TestNGException" message="
Parameter &amp;apos;browser&amp;apos; is required by BeforeClass on method configBC but has not been marked @Optional or defined
in C:\selenium\com.crm.reqing.sdet36\resgressionTestSuit.xml">
      <![CDATA[org.testng.TestNGException: 
Parameter 'browser' is required by BeforeClass on method configBC but has not been marked @Optional or defined
in C:\selenium\com.crm.reqing.sdet36\resgressionTestSuit.xml
at java.base/java.util.ArrayList.forEach(ArrayList.java:1511)
... Removed 22 stack frames]]>
    </failure>
  </testcase> <!-- @BeforeClass configBC -->
  <testcase classname="com.crm.reqing.GenericUtility.BaseClass" name="@BeforeMethod configBM" time="-1.657180208895E9">
    <skipped/>
  </testcase> <!-- @BeforeMethod configBM -->
  <testcase classname="com.crm.reqing.GenericUtility.BaseClass" name="@AfterMethod configAM" time="-1.657180208902E9">
    <skipped/>
  </testcase> <!-- @AfterMethod configAM -->
  <testcase classname="com.crm.reqing.GenericUtility.BaseClass" name="@BeforeMethod configBM" time="-1.657180208906E9">
    <skipped/>
  </testcase> <!-- @BeforeMethod configBM -->
  <testcase classname="com.crm.reqing.GenericUtility.BaseClass" name="@AfterMethod configAM" time="-1.657180208923E9">
    <skipped/>
  </testcase> <!-- @AfterMethod configAM -->
  <testcase classname="com.crm.reqing.GenericUtility.BaseClass" name="@AfterClass configAC" time="-1.657180208925E9">
    <skipped/>
  </testcase> <!-- @AfterClass configAC -->
  <testcase classname="com.crm.reqing.GenericUtility.BaseClass" name="@BeforeClass configBC" time="-1.657180208928E9">
    <failure type="org.testng.TestNGException" message="
Parameter &amp;apos;browser&amp;apos; is required by BeforeClass on method configBC but has not been marked @Optional or defined
in C:\selenium\com.crm.reqing.sdet36\resgressionTestSuit.xml">
      <![CDATA[org.testng.TestNGException: 
Parameter 'browser' is required by BeforeClass on method configBC but has not been marked @Optional or defined
in C:\selenium\com.crm.reqing.sdet36\resgressionTestSuit.xml
at java.base/java.util.ArrayList.forEach(ArrayList.java:1511)
... Removed 22 stack frames]]>
    </failure>
  </testcase> <!-- @BeforeClass configBC -->
  <testcase classname="com.crm.reqing.GenericUtility.BaseClass" name="@BeforeMethod configBM" time="-1.657180208931E9">
    <skipped/>
  </testcase> <!-- @BeforeMethod configBM -->
  <testcase classname="com.crm.reqing.GenericUtility.BaseClass" name="@AfterMethod configAM" time="-1.657180208942E9">
    <skipped/>
  </testcase> <!-- @AfterMethod configAM -->
  <testcase classname="com.crm.reqing.GenericUtility.BaseClass" name="@BeforeMethod configBM" time="-1.657180208944E9">
    <skipped/>
  </testcase> <!-- @BeforeMethod configBM -->
  <testcase classname="com.crm.reqing.GenericUtility.BaseClass" name="@AfterMethod configAM" time="-1.657180208959E9">
    <skipped/>
  </testcase> <!-- @AfterMethod configAM -->
  <testcase classname="com.crm.reqing.GenericUtility.BaseClass" name="@AfterClass configAC" time="-1.657180208961E9">
    <skipped/>
  </testcase> <!-- @AfterClass configAC -->
  <testcase classname="com.crm.reqing.GenericUtility.BaseClass" name="@BeforeClass configBC" time="-1.657180208964E9">
    <failure type="org.testng.TestNGException" message="
Parameter &amp;apos;browser&amp;apos; is required by BeforeClass on method configBC but has not been marked @Optional or defined
in C:\selenium\com.crm.reqing.sdet36\resgressionTestSuit.xml">
      <![CDATA[org.testng.TestNGException: 
Parameter 'browser' is required by BeforeClass on method configBC but has not been marked @Optional or defined
in C:\selenium\com.crm.reqing.sdet36\resgressionTestSuit.xml
at java.base/java.util.ArrayList.forEach(ArrayList.java:1511)
... Removed 22 stack frames]]>
    </failure>
  </testcase> <!-- @BeforeClass configBC -->
  <testcase classname="com.crm.reqing.GenericUtility.BaseClass" name="@BeforeMethod configBM" time="-1.657180208967E9">
    <skipped/>
  </testcase> <!-- @BeforeMethod configBM -->
  <testcase classname="com.crm.reqing.GenericUtility.BaseClass" name="@AfterMethod configAM" time="-1.657180208972E9">
    <skipped/>
  </testcase> <!-- @AfterMethod configAM -->
  <testcase classname="com.crm.reqing.GenericUtility.BaseClass" name="@BeforeMethod configBM" time="-1.657180208975E9">
    <skipped/>
  </testcase> <!-- @BeforeMethod configBM -->
  <testcase classname="com.crm.reqing.GenericUtility.BaseClass" name="@AfterMethod configAM" time="-1.657180208984E9">
    <skipped/>
  </testcase> <!-- @AfterMethod configAM -->
  <testcase classname="com.crm.reqing.GenericUtility.BaseClass" name="@AfterClass configAC" time="-1.657180208987E9">
    <skipped/>
  </testcase> <!-- @AfterClass configAC -->
  <testcase classname="com.crm.reqing.SampleTest.Sample_ContactTest" name="CreateContactWithMandatory" time="0.0">
    <skipped/>
  </testcase> <!-- CreateContactWithMandatory -->
  <testcase classname="com.crm.reqing.SampleTest.Sample_ContactTest" name="CreateContactWithOrganizationTest" time="0.0">
    <skipped/>
  </testcase> <!-- CreateContactWithOrganizationTest -->
  <testcase classname="com.crm.reqing.SampleTest.Sample_OrganizationTest" name="CreateOrganizationWithMandatory" time="0.0">
    <skipped/>
  </testcase> <!-- CreateOrganizationWithMandatory -->
  <testcase classname="com.crm.reqing.SampleTest.Sample_OrganizationTest" name="CreateOrganizationWithMemberOfTest" time="0.0">
    <skipped/>
  </testcase> <!-- CreateOrganizationWithMemberOfTest -->
  <testcase classname="com.crm.reqing.SampleTest.Sample_CampaignTest" name="CreateCampaignWithProductTest" time="0.0">
    <skipped/>
  </testcase> <!-- CreateCampaignWithProductTest -->
  <testcase classname="com.crm.reqing.SampleTest.Sample_CampaignTest" name="createCampaignWithMandatoryFieldTest" time="0.0">
    <skipped/>
  </testcase> <!-- createCampaignWithMandatoryFieldTest -->
  <testcase classname="com.crm.reqing.SampleTest.Sample_ProductTest" name="CreateProductWithMandatoryTest" time="0.0">
    <skipped/>
  </testcase> <!-- CreateProductWithMandatoryTest -->
  <testcase classname="com.crm.reqing.SampleTest.Sample_ProductTest" name="CreateProductWithVendorsTest" time="0.0">
    <skipped/>
  </testcase> <!-- CreateProductWithVendorsTest -->
  <testcase classname="com.crm.reqing.GenericUtility.BaseClass" name="@BeforeSuite configBS" time="0.0">
    <ignored/>
  </testcase> <!-- @BeforeSuite configBS -->
  <testcase classname="com.crm.reqing.GenericUtility.BaseClass" name="@BeforeSuite configBS" time="0.0">
    <ignored/>
  </testcase> <!-- @BeforeSuite configBS -->
  <testcase classname="com.crm.reqing.GenericUtility.BaseClass" name="@BeforeSuite configBS" time="0.0">
    <ignored/>
  </testcase> <!-- @BeforeSuite configBS -->
  <testcase classname="com.crm.reqing.GenericUtility.BaseClass" name="@AfterSuite configAS" time="0.0">
    <ignored/>
  </testcase> <!-- @AfterSuite configAS -->
  <testcase classname="com.crm.reqing.GenericUtility.BaseClass" name="@AfterSuite configAS" time="0.0">
    <ignored/>
  </testcase> <!-- @AfterSuite configAS -->
  <testcase classname="com.crm.reqing.GenericUtility.BaseClass" name="@AfterSuite configAS" time="0.0">
    <ignored/>
  </testcase> <!-- @AfterSuite configAS -->
</testsuite> <!-- Test -->
